0 info it worked if it ends with ok
1 verbose cli [ '/usr/bin/node', '/usr/bin/npm', 'i' ]
2 info using npm@3.10.10
3 info using node@v6.11.3
4 silly loadCurrentTree Starting
5 silly install loadCurrentTree
6 silly install readLocalPackageData
7 silly install normalizeTree
8 silly loadCurrentTree Finishing
9 silly loadIdealTree Starting
10 silly install loadIdealTree
11 silly cloneCurrentTree Starting
12 silly install cloneCurrentTreeToIdealTree
13 silly cloneCurrentTree Finishing
14 silly loadShrinkwrap Starting
15 silly install loadShrinkwrap
16 silly loadShrinkwrap Finishing
17 silly loadAllDepsIntoIdealTree Starting
18 silly install loadAllDepsIntoIdealTree
19 silly loadAllDepsIntoIdealTree Finishing
20 silly loadIdealTree Finishing
21 silly currentTree prj
22 silly idealTree prj
23 silly generateActionsToTake Starting
24 silly install generateActionsToTake
25 silly generateActionsToTake Finishing
26 silly diffTrees action count 0
27 silly decomposeActions action count 0
28 silly runTopLevelLifecycles Starting
29 silly install runPreinstallTopLevelLifecycles
30 silly preinstall prj /prj/prj-db1ad430
31 info lifecycle undefined~preinstall: undefined
32 silly lifecycle undefined~preinstall: no script for preinstall, continuing
33 silly executeActions Starting
34 silly install executeActions
35 silly doSerial global-install 0
36 silly doParallel fetch 0
37 verbose correctMkdir /home/xziy/.npm/_locks correctMkdir not in flight; initializing
38 verbose lock using /home/xziy/.npm/_locks/staging-5a93a15b23d6f5ca.lock for /prj/node_modules/.staging
39 verbose unlock done using /home/xziy/.npm/_locks/staging-5a93a15b23d6f5ca.lock for /prj/node_modules/.staging
40 silly rollbackFailedOptional Starting
41 silly rollbackFailedOptional Finishing
42 silly runTopLevelLifecycles Finishing
43 silly install printInstalled
44 warn enoent ENOENT: no such file or directory, open '/prj/package.json'
45 verbose enoent ENOENT: no such file or directory, open '/prj/package.json'
45 verbose enoent This is most likely not a problem with npm itself
45 verbose enoent and is related to npm not being able to find a file.
46 warn prj No description
47 verbose If you need help, you may report this error at:
47 verbose     <https://github.com/npm/npm/issues>
48 warn prj No repository field.
49 verbose If you need help, you may report this error at:
49 verbose     <https://github.com/npm/npm/issues>
50 warn prj No README data
51 verbose If you need help, you may report this error at:
51 verbose     <https://github.com/npm/npm/issues>
52 warn prj No license field.
53 verbose If you need help, you may report this error at:
53 verbose     <https://github.com/npm/npm/issues>
54 verbose stack Error: EACCES: permission denied, mkdir '/prj/node_modules/.staging'
54 verbose stack     at Error (native)
55 verbose cwd /prj/SwagBucks
56 error Linux 4.13.5-100.fc25.x86_64
57 error argv "/usr/bin/node" "/usr/bin/npm" "i"
58 error node v6.11.3
59 error npm  v3.10.10
60 error path /prj/node_modules/.staging
61 error code EACCES
62 error errno -13
63 error syscall mkdir
64 error Error: EACCES: permission denied, mkdir '/prj/node_modules/.staging'
64 error     at Error (native)
64 error  { Error: EACCES: permission denied, mkdir '/prj/node_modules/.staging'
64 error     at Error (native)
64 error   errno: -13,
64 error   code: 'EACCES',
64 error   syscall: 'mkdir',
64 error   path: '/prj/node_modules/.staging' }
65 error Please try running this command again as root/Administrator.
66 verbose exit [ -13, true ]
